<?xml version="1.0" encoding="UTF-8"?>
<!-- Generated by org.testng.reporters.JUnitXMLReporter -->
<testsuite ignored="0" hostname="Roshan" failures="0" tests="1" name="Test1" time="241.646" errors="0" timestamp="2023-06-20T16:07:09 IST">
  <testcase classname="com.GenericUtilities.BaseClass" name="@BeforeClass openBrowser" time="241.389">
    <failure type="io.github.bonigarcia.wdm.config.WebDriverManagerException" message="io.github.bonigarcia.wdm.config.WebDriverManagerException: javax.net.ssl.SSLHandshakeException: Remote host terminated the handshake">
      <![CDATA[io.github.bonigarcia.wdm.config.WebDriverManagerException: io.github.bonigarcia.wdm.config.WebDriverManagerException: javax.net.ssl.SSLHandshakeException: Remote host terminated the handshake
at io.github.bonigarcia.wdm.WebDriverManager.handleException(WebDriverManager.java:1422)
at io.github.bonigarcia.wdm.WebDriverManager.manage(WebDriverManager.java:1203)
at io.github.bonigarcia.wdm.WebDriverManager.fallback(WebDriverManager.java:1438)
at io.github.bonigarcia.wdm.WebDriverManager.handleException(WebDriverManager.java:1419)
at io.github.bonigarcia.wdm.WebDriverManager.manage(WebDriverManager.java:1203)
at io.github.bonigarcia.wdm.WebDriverManager.handleException(WebDriverManager.java:1412)
at io.github.bonigarcia.wdm.WebDriverManager.manage(WebDriverManager.java:1203)
at io.github.bonigarcia.wdm.WebDriverManager.setup(WebDriverManager.java:418)
at com.GenericUtilities.BaseClass.openBrowser(BaseClass.java:40)
at java.base/java.util.ArrayList.forEach(ArrayList.java:1511)
Caused by: io.github.bonigarcia.wdm.config.WebDriverManagerException: javax.net.ssl.SSLHandshakeException: Remote host terminated the handshake
at io.github.bonigarcia.wdm.WebDriverManager.getDriversFromXml(WebDriverManager.java:1576)
at io.github.bonigarcia.wdm.managers.ChromeDriverManager.getDriverUrls(ChromeDriverManager.java:103)
at io.github.bonigarcia.wdm.WebDriverManager.createUrlHandler(WebDriverManager.java:1443)
at io.github.bonigarcia.wdm.WebDriverManager.download(WebDriverManager.java:1278)
at io.github.bonigarcia.wdm.WebDriverManager.manage(WebDriverManager.java:1197)
... 33 more
Caused by: javax.net.ssl.SSLHandshakeException: Remote host terminated the handshake
at java.base/sun.security.ssl.SSLSocketImpl.handleEOF(SSLSocketImpl.java:1715)
at java.base/sun.security.ssl.SSLSocketImpl.decode(SSLSocketImpl.java:1514)
at java.base/sun.security.ssl.SSLSocketImpl.readHandshakeRecord(SSLSocketImpl.java:1421)
at java.base/sun.security.ssl.SSLSocketImpl.startHandshake(SSLSocketImpl.java:455)
at java.base/sun.security.ssl.SSLSocketImpl.startHandshake(SSLSocketImpl.java:426)
at org.apache.hc.client5.http.ssl.SSLConnectionSocketFactory.createLayeredSocket(SSLConnectionSocketFactory.java:273)
at org.apache.hc.client5.http.ssl.SSLConnectionSocketFactory.connectSocket(SSLConnectionSocketFactory.java:241)
at org.apache.hc.client5.http.impl.io.DefaultHttpClientConnectionOperator.connect(DefaultHttpClientConnectionOperator.java:148)
at org.apache.hc.client5.http.impl.io.PoolingHttpClientConnectionManager.connect(PoolingHttpClientConnectionManager.java:396)
at org.apache.hc.client5.http.impl.classic.InternalExecRuntime.connectEndpoint(InternalExecRuntime.java:158)
at org.apache.hc.client5.http.impl.classic.InternalExecRuntime.connectEndpoint(InternalExecRuntime.java:168)
at org.apache.hc.client5.http.impl.classic.ConnectExec.execute(ConnectExec.java:136)
at org.apache.hc.client5.http.impl.classic.ExecChainElement.execute(ExecChainElement.java:51)
at org.apache.hc.client5.http.impl.classic.ExecChainElement$1.proceed(ExecChainElement.java:57)
at org.apache.hc.client5.http.impl.classic.ProtocolExec.execute(ProtocolExec.java:175)
at org.apache.hc.client5.http.impl.classic.ExecChainElement.execute(ExecChainElement.java:51)
at org.apache.hc.client5.http.impl.classic.ExecChainElement$1.proceed(ExecChainElement.java:57)
at org.apache.hc.client5.http.impl.classic.HttpRequestRetryExec.execute(HttpRequestRetryExec.java:96)
at org.apache.hc.client5.http.impl.classic.ExecChainElement.execute(ExecChainElement.java:51)
at org.apache.hc.client5.http.impl.classic.ExecChainElement$1.proceed(ExecChainElement.java:57)
at org.apache.hc.client5.http.impl.classic.ContentCompressionExec.execute(ContentCompressionExec.java:133)
at org.apache.hc.client5.http.impl.classic.ExecChainElement.execute(ExecChainElement.java:51)
at org.apache.hc.client5.http.impl.classic.ExecChainElement$1.proceed(ExecChainElement.java:57)
at org.apache.hc.client5.http.impl.classic.RedirectExec.execute(RedirectExec.java:115)
at org.apache.hc.client5.http.impl.classic.ExecChainElement.execute(ExecChainElement.java:51)
at org.apache.hc.client5.http.impl.classic.InternalHttpClient.doExecute(InternalHttpClient.java:170)
at org.apache.hc.client5.http.impl.classic.CloseableHttpClient.execute(CloseableHttpClient.java:75)
at org.apache.hc.client5.http.impl.classic.CloseableHttpClient.execute(CloseableHttpClient.java:89)
at io.github.bonigarcia.wdm.online.HttpClient.execute(HttpClient.java:158)
at io.github.bonigarcia.wdm.WebDriverManager.getDriversFromXml(WebDriverManager.java:1561)
... 37 more
Caused by: java.io.EOFException: SSL peer shut down incorrectly
at java.base/sun.security.ssl.SSLSocketInputRecord.read(SSLSocketInputRecord.java:483)
at java.base/sun.security.ssl.SSLSocketInputRecord.readHeader(SSLSocketInputRecord.java:472)
at java.base/sun.security.ssl.SSLSocketInputRecord.decode(SSLSocketInputRecord.java:160)
at java.base/sun.security.ssl.SSLTransport.decode(SSLTransport.java:111)
at java.base/sun.security.ssl.SSLSocketImpl.decode(SSLSocketImpl.java:1506)
... 65 more
... Removed 25 stack frames]]>
    </failure>
  </testcase> <!-- @BeforeClass openBrowser -->
  <testcase classname="com.GenericUtilities.BaseClass" name="@BeforeMethod login" time="-1.687257429689E9">
    <skipped/>
  </testcase> <!-- @BeforeMethod login -->
  <testcase classname="com.GenericUtilities.BaseClass" name="@AfterMethod logout" time="-1.687257429707E9">
    <skipped/>
  </testcase> <!-- @AfterMethod logout -->
  <testcase classname="com.GenericUtilities.BaseClass" name="@AfterClass closeBrowser" time="-1.687257429709E9">
    <skipped/>
  </testcase> <!-- @AfterClass closeBrowser -->
  <testcase classname="MyAccount.ProductviewpomTest" name="Productview" time="0.0">
    <skipped/>
  </testcase> <!-- Productview -->
</testsuite> <!-- Test1 -->
