<?xml version="1.0" encoding="UTF-8"?>
<!-- Generated by org.testng.reporters.JUnitXMLReporter -->
<testsuite ignored="0" hostname="Roshan" failures="1" tests="4" name="Test" time="0.046" errors="0" timestamp="2023-04-03T10:06:08 IST">
  <testcase classname="Logout.ForItranformEx" name="create" time="0.008">
    <skipped/>
  </testcase> <!-- create -->
  <testcase classname="Logout.ForItranformEx" name="create" time="0.001">
    <skipped/>
  </testcase> <!-- create -->
  <testcase classname="Logout.ForItranformEx" name="create" time="0.001">
    <skipped/>
  </testcase> <!-- create -->
  <testcase classname="Logout.ForItranformEx" name="create" time="0.001">
    <failure type="java.lang.AssertionError" message="null">
      <![CDATA[java.lang.AssertionError: null
at Logout.ForItranformEx.create(ForItranformEx.java:12)
at java.base/java.util.ArrayList.forEach(ArrayList.java:1511)
at java.base/java.util.concurrent.FutureTask.run(FutureTask.java:264)
at java.base/java.util.concurrent.ThreadPoolExecutor.runWorker(ThreadPoolExecutor.java:1136)
at java.base/java.util.concurrent.ThreadPoolExecutor$Worker.run(ThreadPoolExecutor.java:635)
at java.base/java.lang.Thread.run(Thread.java:833)
... Removed 20 stack frames]]>
    </failure>
  </testcase> <!-- create -->
</testsuite> <!-- Test -->
